\BOOKMARK [0][]{ctitle.0}{\376\377\127\372\116\216\000B\000l\000a\000z\000e\000P\000o\000s\000e\173\227\154\325\166\204\147\072\126\150\116\272\116\272\117\123\131\377\122\277\213\306\122\053\116\016\152\041\116\377}{}% 1
\BOOKMARK [0][]{section*.2}{\376\377\144\130\000\040\211\201}{}% 2
\BOOKMARK [0][]{section*.4}{\376\377\000A\000b\000s\000t\000r\000a\000c\000t}{}% 3
\BOOKMARK [0][]{section*.6}{\376\377\177\051\165\145\213\315\154\350\221\312\210\150}{}% 4
\BOOKMARK [0][]{ccontent.0}{\376\377\166\356\000\040\137\125}{}% 5
\BOOKMARK [0][]{chapter.1}{\376\377\173\054\0001\172\340\000\040\176\352\213\272}{}% 6
\BOOKMARK [1][-]{section.1.1}{\376\377\0001\000.\0001\000\040\213\376\230\230\200\314\146\157\116\016\170\024\172\166\141\017\116\111}{chapter.1}% 7
\BOOKMARK [1][-]{section.1.2}{\376\377\0001\000.\0002\000\040\126\375\121\205\131\026\170\024\172\166\163\260\162\266}{chapter.1}% 8
\BOOKMARK [2][-]{subsection.1.2.1}{\376\377\0001\000.\0002\000.\0001\000\040\127\372\116\216\126\376\166\204\116\272\117\123\131\377\140\001\117\060\213\241}{section.1.2}% 9
\BOOKMARK [2][-]{subsection.1.2.2}{\376\377\0001\000.\0002\000.\0002\000\040\127\372\116\216\155\361\136\246\133\146\116\140\166\204\116\272\117\123\131\377\140\001\117\060\213\241}{section.1.2}% 10
\BOOKMARK [1][-]{section.1.3}{\376\377\0001\000.\0003\000\040\213\272\145\207\116\073\211\201\170\024\172\166\121\205\133\271\123\312\122\033\145\260\160\271}{chapter.1}% 11
\BOOKMARK [1][-]{section.1.4}{\376\377\0001\000.\0004\000\040\213\272\145\207\172\340\202\202\133\211\143\222}{chapter.1}% 12
\BOOKMARK [0][]{chapter.2}{\376\377\173\054\0002\172\340\000\040\131\377\140\001\117\060\213\241\166\370\121\163\164\006\213\272\127\372\170\100}{}% 13
\BOOKMARK [1][-]{section.2.1}{\376\377\0002\000.\0001\000\040\137\025\212\000}{chapter.2}% 14
\BOOKMARK [1][-]{section.2.2}{\376\377\0002\000.\0002\000\040\123\167\171\357\171\136\176\317\177\121\176\334\166\204\176\304\142\020}{chapter.2}% 15
\BOOKMARK [2][-]{subsection.2.2.1}{\376\377\0002\000.\0002\000.\0001\000\040\123\167\171\357\134\102}{section.2.2}% 16
\BOOKMARK [2][-]{subsection.2.2.2}{\376\377\0002\000.\0002\000.\0002\000\040\154\140\123\026\134\102}{section.2.2}% 17
\BOOKMARK [1][-]{section.2.3}{\376\377\0002\000.\0003\000\040\123\167\171\357\171\136\176\317\177\121\176\334\000\050\000C\000N\000N\000\051\123\315\124\021\117\040\144\255\173\227\154\325}{chapter.2}% 18
\BOOKMARK [2][-]{subsection.2.3.1}{\376\377\0002\000.\0003\000.\0001\000\040\000D\000N\000N\166\204\123\315\124\021\117\040\144\255\173\227\154\325}{section.2.3}% 19
\BOOKMARK [2][-]{subsection.2.3.2}{\376\377\0002\000.\0003\000.\0002\000\040\000C\000N\000N\166\204\123\315\124\021\117\040\144\255\173\227\154\325\140\035\140\363}{section.2.3}% 20
\BOOKMARK [1][-]{section.2.4}{\376\377\0002\000.\0004\000\040\157\300\155\073\121\375\145\160}{chapter.2}% 21
\BOOKMARK [2][-]{subsection.2.4.1}{\376\377\0002\000.\0004\000.\0001\000\040\000S\000i\000g\000m\000o\000i\000d\157\300\155\073\121\375\145\160}{section.2.4}% 22
\BOOKMARK [2][-]{subsection.2.4.2}{\376\377\0002\000.\0004\000.\0002\000\040\000t\000a\000n\000h\157\300\155\073\121\375\145\160}{section.2.4}% 23
\BOOKMARK [2][-]{subsection.2.4.3}{\376\377\0002\000.\0004\000.\0003\000\040\145\164\155\101\176\277\140\047\123\125\121\103\377\010\000R\000e\000L\000U\377\011}{section.2.4}% 24
\BOOKMARK [1][-]{section.2.5}{\376\377\0002\000.\0005\000\040\153\143\122\031\123\026}{chapter.2}% 25
\BOOKMARK [1][-]{section.2.6}{\376\377\0002\000.\0006\000\040\147\054\172\340\134\017\176\323}{chapter.2}% 26
\BOOKMARK [0][]{chapter.3}{\376\377\173\054\0003\172\340\000\040\127\372\116\216\000B\000l\000a\000z\000e\000P\000o\000s\000e\166\204\116\272\117\123\131\377\140\001\117\060\213\241\173\227\154\325\170\024\172\166}{}% 27
\BOOKMARK [1][-]{section.3.1}{\376\377\0003\000.\0001\000\040\143\250\164\006\220\032\220\123}{chapter.3}% 28
\BOOKMARK [1][-]{section.3.2}{\376\377\0003\000.\0002\000\040\171\136\176\317\177\121\176\334\176\323\147\204}{chapter.3}% 29
\BOOKMARK [1][-]{section.3.3}{\376\377\0003\000.\0003\000\040\116\272\117\123\150\300\155\113\126\150}{chapter.3}% 30
\BOOKMARK [1][-]{section.3.4}{\376\377\0003\000.\0004\000\040\116\272\117\123\142\323\142\121\176\323\147\204}{chapter.3}% 31
\BOOKMARK [1][-]{section.3.5}{\376\377\0003\000.\0005\000\040\217\223\121\145\217\223\121\372}{chapter.3}% 32
\BOOKMARK [1][-]{section.3.6}{\376\377\0003\000.\0006\000\040\147\054\172\340\134\017\176\323}{chapter.3}% 33
\BOOKMARK [0][]{chapter.4}{\376\377\173\054\0004\172\340\000\040\127\372\116\216\000B\000l\000a\000z\000e\000P\000o\000s\000e\166\204\213\255\176\303\060\001\131\377\140\001\213\306\122\053\116\016\152\041\116\377}{}% 34
\BOOKMARK [1][-]{section.4.1}{\376\377\0004\000.\0001\000\040\213\255\176\303}{chapter.4}% 35
\BOOKMARK [1][-]{section.4.2}{\376\377\0004\000.\0002\000\040\140\047\200\375\153\324\217\203}{chapter.4}% 36
\BOOKMARK [1][-]{section.4.3}{\376\377\0004\000.\0003\000\040\000A\000P\000I}{chapter.4}% 37
\BOOKMARK [1][-]{section.4.4}{\376\377\0004\000.\0004\000\040\127\372\116\216\000B\000l\000a\000z\000e\000P\000o\000s\000e\166\204\131\377\140\001\213\306\122\053}{chapter.4}% 38
\BOOKMARK [2][-]{subsection.4.4.1}{\376\377\0004\000.\0004\000.\0001\000\040\165\065\201\021\172\357\166\204\131\377\140\001\213\306\122\053}{section.4.4}% 39
\BOOKMARK [2][-]{subsection.4.4.2}{\376\377\0004\000.\0004\000.\0002\000\040\171\373\122\250\172\357\166\204\131\377\140\001\213\306\122\053}{section.4.4}% 40
\BOOKMARK [1][-]{section.4.5}{\376\377\0004\000.\0005\000\040\127\372\116\216\000B\000l\000a\000z\000e\000P\000o\000s\000e\166\204\131\377\140\001\152\041\116\377}{chapter.4}% 41
\BOOKMARK [2][-]{subsection.4.5.1}{\376\377\0004\000.\0005\000.\0001\000\040\206\132\142\337\147\072\126\150\116\272\166\204\131\377\140\001\152\041\116\377}{section.4.5}% 42
\BOOKMARK [2][-]{subsection.4.5.2}{\376\377\0004\000.\0005\000.\0002\000\040\167\037\133\236\147\072\126\150\116\272\166\204\131\377\140\001\152\041\116\377}{section.4.5}% 43
\BOOKMARK [1][-]{section.4.6}{\376\377\0004\000.\0006\000\040\147\054\172\340\134\017\176\323}{chapter.4}% 44
\BOOKMARK [0][]{section*.14}{\376\377\176\323\000\040\213\272}{}% 45
\BOOKMARK [0][]{section*.17}{\376\377\123\302\200\003\145\207\163\056}{}% 46
\BOOKMARK [0][]{section*.19}{\376\377\124\310\134\024\156\350\135\345\116\032\131\047\133\146\147\054\171\321\153\325\116\032\213\276\213\241\377\010\213\272\145\207\377\011\123\237\122\033\140\047\130\360\146\016}{}% 47
\BOOKMARK [0][]{section*.21}{\376\377\201\364\000\040\214\042}{}% 48
\BOOKMARK [0][]{appendix.A}{\376\377\226\104\137\125\000\040\0001\000\040\000B\000l\000a\000z\000e\000P\000o\000s\000e\124\004\121\163\225\056\160\271\166\204\124\015\171\360}{}% 49
